2025-10-18T13-37-27Z: migrated — Migrated successfully.
2025-10-18T13-38-00Z: migrated — Migrated successfully.
2025-10-18T13-42-22Z: migrated — Migrated successfully.
2025-10-18T13-56-35Z: migrated — Migrated successfully.
2025-10-18T14-02-29Z: migrated — Migrated successfully.
2025-10-18T14-13-06Z: migrated — Migrated successfully.
2025-10-18T14-20-17Z: migrated — Migrated successfully.
2025-10-18T14-22-14Z: migrated — Migrated successfully.
2025-10-18T14-31-06Z: migrated — Migrated successfully.
2025-10-18T14-36-41Z: migrated — Migrated successfully.
2025-10-18T14-38-23Z: migrated — Migrated successfully.
2025-10-18T14-38-59Z: migrated — Migrated successfully.
2025-10-18T14-39-09Z: migrated — Migrated successfully.
2025-10-18T14-39-19Z: migrated — Migrated successfully.
2025-10-18T16-21-54-691Z-25347: migrated — Migrated successfully.
2025-10-18T18-26-16-688Z-39463: skipped — Destination already exists; no action taken.
2025-10-18T18-30-06-976Z-41083: skipped — Destination already exists; no action taken.
2025-10-18T18-31-38-655Z-41397: skipped — Destination already exists; no action taken.
2025-10-19T06-30-08-316Z-55446: skipped — Destination already exists; no action taken.
2025-10-19T06-54-01-535Z-diagnostics: skipped — Destination already exists; no action taken.
2025-10-19T07-23-08-549Z-59310: skipped — Destination already exists; no action taken.
demo-legacy: skipped — Destination already exists; no action taken.
legacy-2025-10-19T00-00-00Z: migrated — Migrated successfully.
Migration log written to .runs/0001/migrations/2025-10-19T07-25-00-057Z-migration.log
